2024-04-23T20:18:34.812480800: Peer 1002 makes a connection to Peer 1001.
2024-04-23T20:18:34.833477200: Peer 1002 has the preferred neighbors [].
2024-04-23T20:18:34.852479100: Peer 1002 is connected from Peer 1001.
2024-04-23T20:18:34.855477400: Peer 1002 received the 'not interested' message from 1001.
2024-04-23T20:18:35.280474200: Peer 1002 is unchoked by 1001.
2024-04-23T20:18:35.283477500: Peer 1002 has downloaded the piece 39 from 1001. Now the number of pieces it has is 1.
2024-04-23T20:18:35.297477700: Peer 1002 received the 'not interested' message from 1001.
2024-04-23T20:18:35.298477800: Peer 1002 has downloaded the piece 72 from 1001. Now the number of pieces it has is 2.
2024-04-23T20:18:35.299478600: Peer 1002 received the 'not interested' message from 1001.
2024-04-23T20:18:35.300476100: Peer 1002 has downloaded the piece 53 from 1001. Now the number of pieces it has is 3.
2024-04-23T20:18:35.301477300: Peer 1002 received the 'not interested' message from 1001.
2024-04-23T20:18:35.303478: Peer 1002 has downloaded the piece 19 from 1001. Now the number of pieces it has is 4.
2024-04-23T20:18:35.303478: Peer 1002 received the 'not interested' message from 1001.
2024-04-23T20:18:35.305478100: Peer 1002 has downloaded the piece 40 from 1001. Now the number of pieces it has is 5.
2024-04-23T20:18:35.306478800: Peer 1002 received the 'not interested' message from 1001.
2024-04-23T20:18:35.307477: Peer 1002 has downloaded the piece 44 from 1001. Now the number of pieces it has is 6.
2024-04-23T20:18:35.308477400: Peer 1002 received the 'not interested' message from 1001.
2024-04-23T20:18:35.310477700: Peer 1002 has downloaded the piece 105 from 1001. Now the number of pieces it has is 7.
2024-04-23T20:18:35.310477700: Peer 1002 received the 'not interested' message from 1001.
2024-04-23T20:18:35.313478200: Peer 1002 has downloaded the piece 2 from 1001. Now the number of pieces it has is 8.
2024-04-23T20:18:35.313478200: Peer 1002 received the 'not interested' message from 1001.
2024-04-23T20:18:35.315476300: Peer 1002 has downloaded the piece 93 from 1001. Now the number of pieces it has is 9.
2024-04-23T20:18:35.315476300: Peer 1002 received the 'not interested' message from 1001.
2024-04-23T20:18:35.316477900: Peer 1002 has downloaded the piece 75 from 1001. Now the number of pieces it has is 10.
2024-04-23T20:18:35.317479: Peer 1002 received the 'not interested' message from 1001.
2024-04-23T20:18:35.318476600: Peer 1002 has downloaded the piece 86 from 1001. Now the number of pieces it has is 11.
2024-04-23T20:18:35.318476600: Peer 1002 received the 'not interested' message from 1001.
2024-04-23T20:18:35.319476900: Peer 1002 has downloaded the piece 28 from 1001. Now the number of pieces it has is 12.
2024-04-23T20:18:35.320476600: Peer 1002 received the 'not interested' message from 1001.
2024-04-23T20:18:35.322477700: Peer 1002 has downloaded the piece 60 from 1001. Now the number of pieces it has is 13.
2024-04-23T20:18:35.322477700: Peer 1002 received the 'not interested' message from 1001.
2024-04-23T20:18:35.323477500: Peer 1002 has downloaded the piece 57 from 1001. Now the number of pieces it has is 14.
2024-04-23T20:18:35.324477600: Peer 1002 received the 'not interested' message from 1001.
2024-04-23T20:18:35.325475900: Peer 1002 has downloaded the piece 31 from 1001. Now the number of pieces it has is 15.
2024-04-23T20:18:35.326478700: Peer 1002 received the 'not interested' message from 1001.
2024-04-23T20:18:35.327485900: Peer 1002 has downloaded the piece 29 from 1001. Now the number of pieces it has is 16.
2024-04-23T20:18:35.328477700: Peer 1002 received the 'not interested' message from 1001.
2024-04-23T20:18:35.329477900: Peer 1002 has downloaded the piece 4 from 1001. Now the number of pieces it has is 17.
2024-04-23T20:18:35.329477900: Peer 1002 received the 'not interested' message from 1001.
2024-04-23T20:18:35.330478300: Peer 1002 has downloaded the piece 97 from 1001. Now the number of pieces it has is 18.
2024-04-23T20:18:35.330478300: Peer 1002 received the 'not interested' message from 1001.
2024-04-23T20:18:35.332478300: Peer 1002 has downloaded the piece 96 from 1001. Now the number of pieces it has is 19.
2024-04-23T20:18:35.332478300: Peer 1002 received the 'not interested' message from 1001.
2024-04-23T20:18:35.334476100: Peer 1002 has downloaded the piece 6 from 1001. Now the number of pieces it has is 20.
2024-04-23T20:18:35.334476100: Peer 1002 received the 'not interested' message from 1001.
2024-04-23T20:18:35.335476200: Peer 1002 has downloaded the piece 64 from 1001. Now the number of pieces it has is 21.
2024-04-23T20:18:35.335476200: Peer 1002 received the 'not interested' message from 1001.
2024-04-23T20:18:35.336477100: Peer 1002 has downloaded the piece 82 from 1001. Now the number of pieces it has is 22.
2024-04-23T20:18:35.337477500: Peer 1002 received the 'not interested' message from 1001.
2024-04-23T20:18:35.338477100: Peer 1002 has downloaded the piece 80 from 1001. Now the number of pieces it has is 23.
2024-04-23T20:18:35.338477100: Peer 1002 received the 'not interested' message from 1001.
2024-04-23T20:18:35.339476400: Peer 1002 has downloaded the piece 127 from 1001. Now the number of pieces it has is 24.
2024-04-23T20:18:35.339476400: Peer 1002 received the 'not interested' message from 1001.
2024-04-23T20:18:35.340475200: Peer 1002 has downloaded the piece 45 from 1001. Now the number of pieces it has is 25.
2024-04-23T20:18:35.340475200: Peer 1002 received the 'not interested' message from 1001.
2024-04-23T20:18:35.341477300: Peer 1002 has downloaded the piece 42 from 1001. Now the number of pieces it has is 26.
2024-04-23T20:18:35.341477300: Peer 1002 received the 'not interested' message from 1001.
2024-04-23T20:18:35.342477700: Peer 1002 has downloaded the piece 10 from 1001. Now the number of pieces it has is 27.
2024-04-23T20:18:35.343476300: Peer 1002 received the 'not interested' message from 1001.
2024-04-23T20:18:35.344477500: Peer 1002 has downloaded the piece 88 from 1001. Now the number of pieces it has is 28.
2024-04-23T20:18:35.344477500: Peer 1002 received the 'not interested' message from 1001.
2024-04-23T20:18:35.346476900: Peer 1002 has downloaded the piece 69 from 1001. Now the number of pieces it has is 29.
2024-04-23T20:18:35.346476900: Peer 1002 received the 'not interested' message from 1001.
2024-04-23T20:18:35.347477200: Peer 1002 has downloaded the piece 124 from 1001. Now the number of pieces it has is 30.
2024-04-23T20:18:35.348477500: Peer 1002 received the 'not interested' message from 1001.
2024-04-23T20:18:35.349475700: Peer 1002 has downloaded the piece 79 from 1001. Now the number of pieces it has is 31.
2024-04-23T20:18:35.349475700: Peer 1002 received the 'not interested' message from 1001.
2024-04-23T20:18:35.350477800: Peer 1002 has downloaded the piece 87 from 1001. Now the number of pieces it has is 32.
2024-04-23T20:18:35.350477800: Peer 1002 received the 'not interested' message from 1001.
2024-04-23T20:18:35.351478600: Peer 1002 has downloaded the piece 85 from 1001. Now the number of pieces it has is 33.
2024-04-23T20:18:35.352477200: Peer 1002 received the 'not interested' message from 1001.
2024-04-23T20:18:35.353478200: Peer 1002 has downloaded the piece 23 from 1001. Now the number of pieces it has is 34.
2024-04-23T20:18:35.353478200: Peer 1002 received the 'not interested' message from 1001.
2024-04-23T20:18:35.354479500: Peer 1002 has downloaded the piece 92 from 1001. Now the number of pieces it has is 35.
2024-04-23T20:18:35.355477300: Peer 1002 received the 'not interested' message from 1001.
2024-04-23T20:18:35.356477900: Peer 1002 has downloaded the piece 109 from 1001. Now the number of pieces it has is 36.
2024-04-23T20:18:35.356477900: Peer 1002 received the 'not interested' message from 1001.
2024-04-23T20:18:35.357478500: Peer 1002 has downloaded the piece 47 from 1001. Now the number of pieces it has is 37.
2024-04-23T20:18:35.358476600: Peer 1002 received the 'not interested' message from 1001.
2024-04-23T20:18:35.358476600: Peer 1002 has downloaded the piece 77 from 1001. Now the number of pieces it has is 38.
2024-04-23T20:18:35.359478700: Peer 1002 received the 'not interested' message from 1001.
2024-04-23T20:18:35.360478900: Peer 1002 has downloaded the piece 126 from 1001. Now the number of pieces it has is 39.
2024-04-23T20:18:35.360478900: Peer 1002 received the 'not interested' message from 1001.
2024-04-23T20:18:35.361478200: Peer 1002 has downloaded the piece 112 from 1001. Now the number of pieces it has is 40.
2024-04-23T20:18:35.362478700: Peer 1002 received the 'not interested' message from 1001.
2024-04-23T20:18:35.363476800: Peer 1002 has downloaded the piece 106 from 1001. Now the number of pieces it has is 41.
2024-04-23T20:18:35.363476800: Peer 1002 received the 'not interested' message from 1001.
2024-04-23T20:18:35.364477300: Peer 1002 has downloaded the piece 56 from 1001. Now the number of pieces it has is 42.
2024-04-23T20:18:35.364477300: Peer 1002 received the 'not interested' message from 1001.
2024-04-23T20:18:35.365477600: Peer 1002 has downloaded the piece 52 from 1001. Now the number of pieces it has is 43.
2024-04-23T20:18:35.366478600: Peer 1002 received the 'not interested' message from 1001.
2024-04-23T20:18:35.367478: Peer 1002 has downloaded the piece 21 from 1001. Now the number of pieces it has is 44.
2024-04-23T20:18:35.367478: Peer 1002 received the 'not interested' message from 1001.
2024-04-23T20:18:35.368476800: Peer 1002 has downloaded the piece 68 from 1001. Now the number of pieces it has is 45.
2024-04-23T20:18:35.368476800: Peer 1002 received the 'not interested' message from 1001.
2024-04-23T20:18:35.369476900: Peer 1002 has downloaded the piece 14 from 1001. Now the number of pieces it has is 46.
2024-04-23T20:18:35.370478800: Peer 1002 received the 'not interested' message from 1001.
2024-04-23T20:18:35.371479: Peer 1002 has downloaded the piece 49 from 1001. Now the number of pieces it has is 47.
2024-04-23T20:18:35.371479: Peer 1002 received the 'not interested' message from 1001.
2024-04-23T20:18:35.373478100: Peer 1002 has downloaded the piece 8 from 1001. Now the number of pieces it has is 48.
2024-04-23T20:18:35.374478200: Peer 1002 received the 'not interested' message from 1001.
2024-04-23T20:18:35.375477600: Peer 1002 has downloaded the piece 20 from 1001. Now the number of pieces it has is 49.
2024-04-23T20:18:35.375477600: Peer 1002 received the 'not interested' message from 1001.
2024-04-23T20:18:35.376478300: Peer 1002 has downloaded the piece 63 from 1001. Now the number of pieces it has is 50.
2024-04-23T20:18:35.376478300: Peer 1002 received the 'not interested' message from 1001.
2024-04-23T20:18:35.377479: Peer 1002 has downloaded the piece 73 from 1001. Now the number of pieces it has is 51.
2024-04-23T20:18:35.378477300: Peer 1002 received the 'not interested' message from 1001.
2024-04-23T20:18:35.379478200: Peer 1002 has downloaded the piece 94 from 1001. Now the number of pieces it has is 52.
2024-04-23T20:18:35.379478200: Peer 1002 received the 'not interested' message from 1001.
2024-04-23T20:18:35.380478800: Peer 1002 has downloaded the piece 0 from 1001. Now the number of pieces it has is 53.
2024-04-23T20:18:35.380478800: Peer 1002 received the 'not interested' message from 1001.
2024-04-23T20:18:35.381477800: Peer 1002 has downloaded the piece 78 from 1001. Now the number of pieces it has is 54.
2024-04-23T20:18:35.382478: Peer 1002 received the 'not interested' message from 1001.
2024-04-23T20:18:35.382478: Peer 1002 has downloaded the piece 76 from 1001. Now the number of pieces it has is 55.
2024-04-23T20:18:35.383477400: Peer 1002 received the 'not interested' message from 1001.
2024-04-23T20:18:35.384476700: Peer 1002 has downloaded the piece 55 from 1001. Now the number of pieces it has is 56.
2024-04-23T20:18:35.384476700: Peer 1002 received the 'not interested' message from 1001.
2024-04-23T20:18:35.385477700: Peer 1002 has downloaded the piece 66 from 1001. Now the number of pieces it has is 57.
2024-04-23T20:18:35.385477700: Peer 1002 received the 'not interested' message from 1001.
2024-04-23T20:18:35.386476100: Peer 1002 has downloaded the piece 1 from 1001. Now the number of pieces it has is 58.
2024-04-23T20:18:35.387476500: Peer 1002 received the 'not interested' message from 1001.
2024-04-23T20:18:35.388478800: Peer 1002 has downloaded the piece 95 from 1001. Now the number of pieces it has is 59.
2024-04-23T20:18:35.388478800: Peer 1002 received the 'not interested' message from 1001.
2024-04-23T20:18:35.389477500: Peer 1002 has downloaded the piece 104 from 1001. Now the number of pieces it has is 60.
2024-04-23T20:18:35.390477900: Peer 1002 received the 'not interested' message from 1001.
2024-04-23T20:18:35.391475600: Peer 1002 has downloaded the piece 54 from 1001. Now the number of pieces it has is 61.
2024-04-23T20:18:35.392481300: Peer 1002 received the 'not interested' message from 1001.
2024-04-23T20:18:35.393477500: Peer 1002 has downloaded the piece 51 from 1001. Now the number of pieces it has is 62.
2024-04-23T20:18:35.393477500: Peer 1002 received the 'not interested' message from 1001.
2024-04-23T20:18:35.395478100: Peer 1002 has downloaded the piece 9 from 1001. Now the number of pieces it has is 63.
2024-04-23T20:18:35.395478100: Peer 1002 received the 'not interested' message from 1001.
2024-04-23T20:18:35.396488900: Peer 1002 has downloaded the piece 111 from 1001. Now the number of pieces it has is 64.
2024-04-23T20:18:35.397475900: Peer 1002 received the 'not interested' message from 1001.
2024-04-23T20:18:35.397475900: Peer 1002 has downloaded the piece 90 from 1001. Now the number of pieces it has is 65.
2024-04-23T20:18:35.398476100: Peer 1002 received the 'not interested' message from 1001.
2024-04-23T20:18:35.398476100: Peer 1002 has downloaded the piece 123 from 1001. Now the number of pieces it has is 66.
2024-04-23T20:18:35.399475300: Peer 1002 received the 'not interested' message from 1001.
2024-04-23T20:18:35.400476600: Peer 1002 has downloaded the piece 125 from 1001. Now the number of pieces it has is 67.
2024-04-23T20:18:35.400476600: Peer 1002 received the 'not interested' message from 1001.
2024-04-23T20:18:35.401475100: Peer 1002 has downloaded the piece 35 from 1001. Now the number of pieces it has is 68.
2024-04-23T20:18:35.401475100: Peer 1002 received the 'not interested' message from 1001.
2024-04-23T20:18:35.402475900: Peer 1002 has downloaded the piece 130 from 1001. Now the number of pieces it has is 69.
2024-04-23T20:18:35.402475900: Peer 1002 received the 'not interested' message from 1001.
2024-04-23T20:18:35.403477600: Peer 1002 has downloaded the piece 27 from 1001. Now the number of pieces it has is 70.
2024-04-23T20:18:35.404478400: Peer 1002 received the 'not interested' message from 1001.
2024-04-23T20:18:35.405476300: Peer 1002 has downloaded the piece 36 from 1001. Now the number of pieces it has is 71.
2024-04-23T20:18:35.405476300: Peer 1002 received the 'not interested' message from 1001.
2024-04-23T20:18:35.406477100: Peer 1002 has downloaded the piece 16 from 1001. Now the number of pieces it has is 72.
2024-04-23T20:18:35.406477100: Peer 1002 received the 'not interested' message from 1001.
2024-04-23T20:18:35.407476: Peer 1002 has downloaded the piece 70 from 1001. Now the number of pieces it has is 73.
2024-04-23T20:18:35.407476: Peer 1002 received the 'not interested' message from 1001.
2024-04-23T20:18:35.408476300: Peer 1002 has downloaded the piece 26 from 1001. Now the number of pieces it has is 74.
2024-04-23T20:18:35.408476300: Peer 1002 received the 'not interested' message from 1001.
2024-04-23T20:18:35.409475100: Peer 1002 has downloaded the piece 110 from 1001. Now the number of pieces it has is 75.
2024-04-23T20:18:35.409475100: Peer 1002 received the 'not interested' message from 1001.
2024-04-23T20:18:35.410475600: Peer 1002 has downloaded the piece 128 from 1001. Now the number of pieces it has is 76.
2024-04-23T20:18:35.410475600: Peer 1002 received the 'not interested' message from 1001.
2024-04-23T20:18:35.411477300: Peer 1002 has downloaded the piece 122 from 1001. Now the number of pieces it has is 77.
2024-04-23T20:18:35.411477300: Peer 1002 received the 'not interested' message from 1001.
2024-04-23T20:18:35.412479300: Peer 1002 has downloaded the piece 117 from 1001. Now the number of pieces it has is 78.
2024-04-23T20:18:35.413477500: Peer 1002 received the 'not interested' message from 1001.
2024-04-23T20:18:35.413477500: Peer 1002 has downloaded the piece 48 from 1001. Now the number of pieces it has is 79.
2024-04-23T20:18:35.414476900: Peer 1002 received the 'not interested' message from 1001.
2024-04-23T20:18:35.414476900: Peer 1002 has downloaded the piece 120 from 1001. Now the number of pieces it has is 80.
2024-04-23T20:18:35.415475800: Peer 1002 received the 'not interested' message from 1001.
2024-04-23T20:18:35.415475800: Peer 1002 has downloaded the piece 71 from 1001. Now the number of pieces it has is 81.
2024-04-23T20:18:35.416476800: Peer 1002 received the 'not interested' message from 1001.
2024-04-23T20:18:35.416476800: Peer 1002 has downloaded the piece 107 from 1001. Now the number of pieces it has is 82.
2024-04-23T20:18:35.417477500: Peer 1002 received the 'not interested' message from 1001.
2024-04-23T20:18:35.417477500: Peer 1002 has downloaded the piece 22 from 1001. Now the number of pieces it has is 83.
2024-04-23T20:18:35.418476: Peer 1002 received the 'not interested' message from 1001.
2024-04-23T20:18:35.418476: Peer 1002 has downloaded the piece 67 from 1001. Now the number of pieces it has is 84.
2024-04-23T20:18:35.419474800: Peer 1002 received the 'not interested' message from 1001.
2024-04-23T20:18:35.420481200: Peer 1002 has downloaded the piece 50 from 1001. Now the number of pieces it has is 85.
2024-04-23T20:18:35.420481200: Peer 1002 received the 'not interested' message from 1001.
2024-04-23T20:18:35.421481900: Peer 1002 has downloaded the piece 7 from 1001. Now the number of pieces it has is 86.
2024-04-23T20:18:35.422476700: Peer 1002 received the 'not interested' message from 1001.
2024-04-23T20:18:35.423477800: Peer 1002 has downloaded the piece 62 from 1001. Now the number of pieces it has is 87.
2024-04-23T20:18:35.423477800: Peer 1002 received the 'not interested' message from 1001.
2024-04-23T20:18:35.424476600: Peer 1002 has downloaded the piece 108 from 1001. Now the number of pieces it has is 88.
2024-04-23T20:18:35.424476600: Peer 1002 received the 'not interested' message from 1001.
2024-04-23T20:18:35.425477400: Peer 1002 has downloaded the piece 132 from 1001. Now the number of pieces it has is 89.
2024-04-23T20:18:35.426479900: Peer 1002 received the 'not interested' message from 1001.
2024-04-23T20:18:35.427479300: Peer 1002 has downloaded the piece 24 from 1001. Now the number of pieces it has is 90.
2024-04-23T20:18:35.427479300: Peer 1002 received the 'not interested' message from 1001.
2024-04-23T20:18:35.428476500: Peer 1002 has downloaded the piece 5 from 1001. Now the number of pieces it has is 91.
2024-04-23T20:18:35.428476500: Peer 1002 received the 'not interested' message from 1001.
2024-04-23T20:18:35.429476600: Peer 1002 has downloaded the piece 115 from 1001. Now the number of pieces it has is 92.
2024-04-23T20:18:35.429476600: Peer 1002 received the 'not interested' message from 1001.
2024-04-23T20:18:35.430477200: Peer 1002 has downloaded the piece 37 from 1001. Now the number of pieces it has is 93.
2024-04-23T20:18:35.430477200: Peer 1002 received the 'not interested' message from 1001.
2024-04-23T20:18:35.431478300: Peer 1002 has downloaded the piece 41 from 1001. Now the number of pieces it has is 94.
2024-04-23T20:18:35.432478: Peer 1002 received the 'not interested' message from 1001.
2024-04-23T20:18:35.433476300: Peer 1002 has downloaded the piece 91 from 1001. Now the number of pieces it has is 95.
2024-04-23T20:18:35.433476300: Peer 1002 received the 'not interested' message from 1001.
2024-04-23T20:18:35.434475600: Peer 1002 has downloaded the piece 59 from 1001. Now the number of pieces it has is 96.
2024-04-23T20:18:35.434475600: Peer 1002 received the 'not interested' message from 1001.
2024-04-23T20:18:35.435476700: Peer 1002 has downloaded the piece 33 from 1001. Now the number of pieces it has is 97.
2024-04-23T20:18:35.436479500: Peer 1002 received the 'not interested' message from 1001.
2024-04-23T20:18:35.437477800: Peer 1002 has downloaded the piece 43 from 1001. Now the number of pieces it has is 98.
2024-04-23T20:18:35.438478900: Peer 1002 received the 'not interested' message from 1001.
2024-04-23T20:18:35.439477600: Peer 1002 has downloaded the piece 30 from 1001. Now the number of pieces it has is 99.
2024-04-23T20:18:35.439477600: Peer 1002 received the 'not interested' message from 1001.
2024-04-23T20:18:35.440476300: Peer 1002 has downloaded the piece 114 from 1001. Now the number of pieces it has is 100.
2024-04-23T20:18:35.440476300: Peer 1002 received the 'not interested' message from 1001.
2024-04-23T20:18:35.441477300: Peer 1002 has downloaded the piece 34 from 1001. Now the number of pieces it has is 101.
2024-04-23T20:18:35.442478300: Peer 1002 received the 'not interested' message from 1001.
2024-04-23T20:18:35.442478300: Peer 1002 has downloaded the piece 74 from 1001. Now the number of pieces it has is 102.
2024-04-23T20:18:35.443475900: Peer 1002 received the 'not interested' message from 1001.
2024-04-23T20:18:35.444475400: Peer 1002 has downloaded the piece 58 from 1001. Now the number of pieces it has is 103.
2024-04-23T20:18:35.444475400: Peer 1002 received the 'not interested' message from 1001.
2024-04-23T20:18:35.444475400: Peer 1002 has downloaded the piece 98 from 1001. Now the number of pieces it has is 104.
2024-04-23T20:18:35.445478900: Peer 1002 received the 'not interested' message from 1001.
2024-04-23T20:18:35.446477100: Peer 1002 has downloaded the piece 113 from 1001. Now the number of pieces it has is 105.
2024-04-23T20:18:35.446477100: Peer 1002 received the 'not interested' message from 1001.
2024-04-23T20:18:35.447474100: Peer 1002 has downloaded the piece 17 from 1001. Now the number of pieces it has is 106.
2024-04-23T20:18:35.447474100: Peer 1002 received the 'not interested' message from 1001.
2024-04-23T20:18:35.448477200: Peer 1002 has downloaded the piece 25 from 1001. Now the number of pieces it has is 107.
2024-04-23T20:18:35.448477200: Peer 1002 received the 'not interested' message from 1001.
2024-04-23T20:18:35.449474500: Peer 1002 has downloaded the piece 116 from 1001. Now the number of pieces it has is 108.
2024-04-23T20:18:35.449474500: Peer 1002 received the 'not interested' message from 1001.
2024-04-23T20:18:35.449474500: Peer 1002 has downloaded the piece 61 from 1001. Now the number of pieces it has is 109.
2024-04-23T20:18:35.450477100: Peer 1002 received the 'not interested' message from 1001.
2024-04-23T20:18:35.450477100: Peer 1002 has downloaded the piece 89 from 1001. Now the number of pieces it has is 110.
2024-04-23T20:18:35.451476500: Peer 1002 received the 'not interested' message from 1001.
2024-04-23T20:18:35.451476500: Peer 1002 has downloaded the piece 65 from 1001. Now the number of pieces it has is 111.
2024-04-23T20:18:35.452476300: Peer 1002 received the 'not interested' message from 1001.
2024-04-23T20:18:35.453476700: Peer 1002 has downloaded the piece 129 from 1001. Now the number of pieces it has is 112.
2024-04-23T20:18:35.453476700: Peer 1002 received the 'not interested' message from 1001.
2024-04-23T20:18:35.454477300: Peer 1002 has downloaded the piece 38 from 1001. Now the number of pieces it has is 113.
2024-04-23T20:18:35.454477300: Peer 1002 received the 'not interested' message from 1001.
2024-04-23T20:18:35.455479100: Peer 1002 has downloaded the piece 99 from 1001. Now the number of pieces it has is 114.
2024-04-23T20:18:35.456476900: Peer 1002 received the 'not interested' message from 1001.
2024-04-23T20:18:35.456476900: Peer 1002 has downloaded the piece 83 from 1001. Now the number of pieces it has is 115.
2024-04-23T20:18:35.457477600: Peer 1002 received the 'not interested' message from 1001.
2024-04-23T20:18:35.457477600: Peer 1002 has downloaded the piece 131 from 1001. Now the number of pieces it has is 116.
2024-04-23T20:18:35.458476200: Peer 1002 received the 'not interested' message from 1001.
2024-04-23T20:18:35.458476200: Peer 1002 has downloaded the piece 3 from 1001. Now the number of pieces it has is 117.
2024-04-23T20:18:35.459475100: Peer 1002 received the 'not interested' message from 1001.
2024-04-23T20:18:35.460477: Peer 1002 has downloaded the piece 32 from 1001. Now the number of pieces it has is 118.
2024-04-23T20:18:35.460477: Peer 1002 received the 'not interested' message from 1001.
2024-04-23T20:18:35.461477500: Peer 1002 has downloaded the piece 102 from 1001. Now the number of pieces it has is 119.
2024-04-23T20:18:35.461477500: Peer 1002 received the 'not interested' message from 1001.
2024-04-23T20:18:35.462478300: Peer 1002 has downloaded the piece 12 from 1001. Now the number of pieces it has is 120.
2024-04-23T20:18:35.463477600: Peer 1002 received the 'not interested' message from 1001.
2024-04-23T20:18:35.463477600: Peer 1002 has downloaded the piece 18 from 1001. Now the number of pieces it has is 121.
2024-04-23T20:18:35.464477200: Peer 1002 received the 'not interested' message from 1001.
2024-04-23T20:18:35.464477200: Peer 1002 has downloaded the piece 81 from 1001. Now the number of pieces it has is 122.
2024-04-23T20:18:35.465474600: Peer 1002 received the 'not interested' message from 1001.
2024-04-23T20:18:35.466476500: Peer 1002 has downloaded the piece 46 from 1001. Now the number of pieces it has is 123.
2024-04-23T20:18:35.466476500: Peer 1002 received the 'not interested' message from 1001.
2024-04-23T20:18:35.467476500: Peer 1002 has downloaded the piece 121 from 1001. Now the number of pieces it has is 124.
2024-04-23T20:18:35.467476500: Peer 1002 received the 'not interested' message from 1001.
2024-04-23T20:18:35.468476100: Peer 1002 has downloaded the piece 103 from 1001. Now the number of pieces it has is 125.
2024-04-23T20:18:35.468476100: Peer 1002 received the 'not interested' message from 1001.
2024-04-23T20:18:35.469476200: Peer 1002 has downloaded the piece 11 from 1001. Now the number of pieces it has is 126.
2024-04-23T20:18:35.470478300: Peer 1002 received the 'not interested' message from 1001.
2024-04-23T20:18:35.471478200: Peer 1002 has downloaded the piece 119 from 1001. Now the number of pieces it has is 127.
2024-04-23T20:18:35.472480900: Peer 1002 received the 'not interested' message from 1001.
2024-04-23T20:18:35.473478800: Peer 1002 has downloaded the piece 15 from 1001. Now the number of pieces it has is 128.
2024-04-23T20:18:35.474478600: Peer 1002 received the 'not interested' message from 1001.
2024-04-23T20:18:35.474478600: Peer 1002 has downloaded the piece 13 from 1001. Now the number of pieces it has is 129.
2024-04-23T20:18:35.475477300: Peer 1002 received the 'not interested' message from 1001.
2024-04-23T20:18:35.476479800: Peer 1002 has downloaded the piece 84 from 1001. Now the number of pieces it has is 130.
2024-04-23T20:18:35.476479800: Peer 1002 received the 'not interested' message from 1001.
2024-04-23T20:18:35.477475200: Peer 1002 has downloaded the piece 101 from 1001. Now the number of pieces it has is 131.
2024-04-23T20:18:35.477475200: Peer 1002 received the 'not interested' message from 1001.
2024-04-23T20:18:35.478479400: Peer 1002 has downloaded the piece 118 from 1001. Now the number of pieces it has is 132.
2024-04-23T20:18:35.478479400: Peer 1002 received the 'not interested' message from 1001.
2024-04-23T20:18:35.479477700: Peer 1002 has downloaded the piece 100 from 1001. Now the number of pieces it has is 133.
2024-04-23T20:18:35.483478600: Peer 1002 has downloaded the complete file.
2024-04-23T20:18:35.487480100: Peer 1002 received the 'not interested' message from 1001.
2024-04-23T20:18:39.837602300: Peer 1002 has the preferred neighbors [].
2024-04-23T20:18:40.278599500: Peer 1002 is choked by 1001.
2024-04-23T20:18:44.835464100: Peer 1002 has the preferred neighbors [].
2024-04-23T20:18:49.835464: Peer 1002 has the preferred neighbors [].
2024-04-23T20:18:54.833464300: Peer 1002 has the preferred neighbors [].
2024-04-23T20:18:59.841478500: Peer 1002 has the preferred neighbors [].
2024-04-23T20:19:04.837459600: Peer 1002 has the preferred neighbors [].
2024-04-23T20:19:09.838460200: Peer 1002 has the preferred neighbors [].
2024-04-23T20:19:14.839954600: Peer 1002 has the preferred neighbors [].
2024-04-23T20:19:19.837343800: Peer 1002 has the preferred neighbors [].
2024-04-23T20:19:24.826973500: Peer 1002 has the preferred neighbors [].
2024-04-23T20:19:29.840967200: Peer 1002 has the preferred neighbors [].
2024-04-23T20:19:34.834967200: Peer 1002 has the preferred neighbors [].
2024-04-23T20:19:39.833436800: Peer 1002 has the preferred neighbors [].
2024-04-23T20:19:44.840723600: Peer 1002 has the preferred neighbors [].
2024-04-23T20:19:49.834753200: Peer 1002 has the preferred neighbors [].
2024-04-23T20:19:54.831315500: Peer 1002 has the preferred neighbors [].
2024-04-23T20:19:59.834320100: Peer 1002 has the preferred neighbors [].
2024-04-23T20:20:04.833327: Peer 1002 has the preferred neighbors [].
2024-04-23T20:20:09.832322300: Peer 1002 has the preferred neighbors [].
2024-04-23T20:20:14.839317700: Peer 1002 has the preferred neighbors [].
2024-04-23T20:20:19.826478: Peer 1002 has the preferred neighbors [].
2024-04-23T20:20:24.834558200: Peer 1002 has the preferred neighbors [].
2024-04-23T20:20:29.829669100: Peer 1002 has the preferred neighbors [].
2024-04-23T20:20:34.829718200: Peer 1002 has the preferred neighbors [].
2024-04-23T20:20:39.839702600: Peer 1002 has the preferred neighbors [].
2024-04-23T20:20:44.827333200: Peer 1002 has the preferred neighbors [].
2024-04-23T20:20:49.830593200: Peer 1002 has the preferred neighbors [].
2024-04-23T20:20:54.832611300: Peer 1002 has the preferred neighbors [].
2024-04-23T20:20:59.834593300: Peer 1002 has the preferred neighbors [].
2024-04-23T20:21:04.840294300: Peer 1002 has the preferred neighbors [].
2024-04-23T20:21:09.828288: Peer 1002 has the preferred neighbors [].
2024-04-23T20:21:14.831446500: Peer 1002 has the preferred neighbors [].
2024-04-23T20:21:19.839628800: Peer 1002 has the preferred neighbors [].
2024-04-23T20:21:24.827593400: Peer 1002 has the preferred neighbors [].
2024-04-23T20:21:29.828613100: Peer 1002 has the preferred neighbors [].
2024-04-23T20:21:34.840012400: Peer 1002 has the preferred neighbors [].
2024-04-23T20:21:39.826736600: Peer 1002 has the preferred neighbors [].
2024-04-23T20:21:44.836802600: Peer 1002 has the preferred neighbors [].
2024-04-23T20:21:49.833701600: Peer 1002 has the preferred neighbors [].
2024-04-23T20:21:54.837709900: Peer 1002 has the preferred neighbors [].
